2024-03-23 17:36:30,746 INFO    StreamThr :74337 [internal.py:wandb_internal():86] W&B internal server running at pid: 74337, started at: 2024-03-23 17:36:30.745924
2024-03-23 17:36:30,748 DEBUG   HandlerThread:74337 [handler.py:handle_request():146] handle_request: status
2024-03-23 17:36:30,754 INFO    WriterThread:74337 [datastore.py:open_for_write():87] open: /home/eiden/eiden/satellite/train/wandb/run-20240323_173630-8rig1wb6/run-8rig1wb6.wandb
2024-03-23 17:36:30,754 DEBUG   SenderThread:74337 [sender.py:send():378] send: header
2024-03-23 17:36:30,766 DEBUG   SenderThread:74337 [sender.py:send():378] send: run
2024-03-23 17:36:34,145 INFO    SenderThread:74337 [retry.py:__call__():172] Retry attempt failed:
Traceback (most recent call last):
  File "/home/eiden/anaconda3/envs/eiden/lib/python3.8/site-packages/urllib3/connection.py", line 198, in _new_conn
    sock = connection.create_connection(
  File "/home/eiden/anaconda3/envs/eiden/lib/python3.8/site-packages/urllib3/util/connection.py", line 60, in create_connection
    for res in socket.getaddrinfo(host, port, family, socket.SOCK_STREAM):
  File "/home/eiden/anaconda3/envs/eiden/lib/python3.8/socket.py", line 918, in getaddrinfo
    for res in _socket.getaddrinfo(host, port, family, type, proto, flags):
socket.gaierror: [Errno -3] Temporary failure in name resolution

The above exception was the direct cause of the following exception:

Traceback (most recent call last):
  File "/home/eiden/anaconda3/envs/eiden/lib/python3.8/site-packages/urllib3/connectionpool.py", line 793, in urlopen
    response = self._make_request(
  File "/home/eiden/anaconda3/envs/eiden/lib/python3.8/site-packages/urllib3/connectionpool.py", line 491, in _make_request
    raise new_e
  File "/home/eiden/anaconda3/envs/eiden/lib/python3.8/site-packages/urllib3/connectionpool.py", line 467, in _make_request
    self._validate_conn(conn)
  File "/home/eiden/anaconda3/envs/eiden/lib/python3.8/site-packages/urllib3/connectionpool.py", line 1099, in _validate_conn
    conn.connect()
  File "/home/eiden/anaconda3/envs/eiden/lib/python3.8/site-packages/urllib3/connection.py", line 616, in connect
    self.sock = sock = self._new_conn()
  File "/home/eiden/anaconda3/envs/eiden/lib/python3.8/site-packages/urllib3/connection.py", line 205, in _new_conn
    raise NameResolutionError(self.host, self, e) from e
urllib3.exceptions.NameResolutionError: <urllib3.connection.HTTPSConnection object at 0x7f4e95c5a400>: Failed to resolve 'api.wandb.ai' ([Errno -3] Temporary failure in name resolution)

The above exception was the direct cause of the following exception:

Traceback (most recent call last):
  File "/home/eiden/anaconda3/envs/eiden/lib/python3.8/site-packages/requests/adapters.py", line 486, in send
    resp = conn.urlopen(
  File "/home/eiden/anaconda3/envs/eiden/lib/python3.8/site-packages/urllib3/connectionpool.py", line 847, in urlopen
    retries = retries.increment(
  File "/home/eiden/anaconda3/envs/eiden/lib/python3.8/site-packages/urllib3/util/retry.py", line 515, in increment
    raise MaxRetryError(_pool, url, reason) from reason  # type: ignore[arg-type]
urllib3.exceptions.MaxRetryError: HTTPSConnectionPool(host='api.wandb.ai', port=443): Max retries exceeded with url: /graphql (Caused by NameResolutionError("<urllib3.connection.HTTPSConnection object at 0x7f4e95c5a400>: Failed to resolve 'api.wandb.ai' ([Errno -3] Temporary failure in name resolution)"))

During handling of the above exception, another exception occurred:

Traceback (most recent call last):
  File "/home/eiden/anaconda3/envs/eiden/lib/python3.8/site-packages/wandb/sdk/lib/retry.py", line 131, in __call__
    result = self._call_fn(*args, **kwargs)
  File "/home/eiden/anaconda3/envs/eiden/lib/python3.8/site-packages/wandb/sdk/internal/internal_api.py", line 369, in execute
    return self.client.execute(*args, **kwargs)  # type: ignore
  File "/home/eiden/anaconda3/envs/eiden/lib/python3.8/site-packages/wandb/vendor/gql-0.2.0/wandb_gql/client.py", line 52, in execute
    result = self._get_result(document, *args, **kwargs)
  File "/home/eiden/anaconda3/envs/eiden/lib/python3.8/site-packages/wandb/vendor/gql-0.2.0/wandb_gql/client.py", line 60, in _get_result
    return self.transport.execute(document, *args, **kwargs)
  File "/home/eiden/anaconda3/envs/eiden/lib/python3.8/site-packages/wandb/sdk/lib/gql_request.py", line 58, in execute
    request = self.session.post(self.url, **post_args)
  File "/home/eiden/anaconda3/envs/eiden/lib/python3.8/site-packages/requests/sessions.py", line 637, in post
    return self.request("POST", url, data=data, json=json, **kwargs)
  File "/home/eiden/anaconda3/envs/eiden/lib/python3.8/site-packages/requests/sessions.py", line 589, in request
    resp = self.send(prep, **send_kwargs)
  File "/home/eiden/anaconda3/envs/eiden/lib/python3.8/site-packages/requests/sessions.py", line 703, in send
    r = adapter.send(request, **kwargs)
  File "/home/eiden/anaconda3/envs/eiden/lib/python3.8/site-packages/requests/adapters.py", line 519, in send
    raise ConnectionError(e, request=request)
requests.exceptions.ConnectionError: HTTPSConnectionPool(host='api.wandb.ai', port=443): Max retries exceeded with url: /graphql (Caused by NameResolutionError("<urllib3.connection.HTTPSConnection object at 0x7f4e95c5a400>: Failed to resolve 'api.wandb.ai' ([Errno -3] Temporary failure in name resolution)"))
2024-03-23 17:36:35,766 DEBUG   HandlerThread:74337 [handler.py:handle_request():146] handle_request: keepalive
2024-03-23 17:36:40,767 DEBUG   HandlerThread:74337 [handler.py:handle_request():146] handle_request: keepalive
2024-03-23 17:36:45,768 DEBUG   HandlerThread:74337 [handler.py:handle_request():146] handle_request: keepalive
2024-03-23 17:36:50,769 DEBUG   HandlerThread:74337 [handler.py:handle_request():146] handle_request: keepalive
2024-03-23 17:36:55,770 DEBUG   HandlerThread:74337 [handler.py:handle_request():146] handle_request: keepalive
2024-03-23 17:37:00,771 DEBUG   HandlerThread:74337 [handler.py:handle_request():146] handle_request: keepalive
2024-03-23 17:37:03,769 INFO    SenderThread:74337 [dir_watcher.py:__init__():211] watching files in: /home/eiden/eiden/satellite/train/wandb/run-20240323_173630-8rig1wb6/files
2024-03-23 17:37:03,769 INFO    SenderThread:74337 [sender.py:_start_run_threads():1099] run started: 8rig1wb6 with start time 1711182990.746336
2024-03-23 17:37:03,769 DEBUG   HandlerThread:74337 [handler.py:handle_request():146] handle_request: status_report
2024-03-23 17:37:03,771 DEBUG   HandlerThread:74337 [handler.py:handle_request():146] handle_request: check_version
2024-03-23 17:37:03,771 DEBUG   SenderThread:74337 [sender.py:send_request():405] send_request: check_version
2024-03-23 17:37:04,138 DEBUG   HandlerThread:74337 [handler.py:handle_request():146] handle_request: run_start
2024-03-23 17:37:04,159 DEBUG   HandlerThread:74337 [system_info.py:__init__():26] System info init
2024-03-23 17:37:04,159 DEBUG   HandlerThread:74337 [system_info.py:__init__():41] System info init done
2024-03-23 17:37:04,159 INFO    HandlerThread:74337 [system_monitor.py:start():194] Starting system monitor
2024-03-23 17:37:04,160 INFO    SystemMonitor:74337 [system_monitor.py:_start():158] Starting system asset monitoring threads
2024-03-23 17:37:04,160 INFO    HandlerThread:74337 [system_monitor.py:probe():214] Collecting system info
2024-03-23 17:37:04,160 INFO    SystemMonitor:74337 [interfaces.py:start():190] Started cpu monitoring
2024-03-23 17:37:04,161 INFO    SystemMonitor:74337 [interfaces.py:start():190] Started disk monitoring
2024-03-23 17:37:04,161 INFO    SystemMonitor:74337 [interfaces.py:start():190] Started gpu monitoring
2024-03-23 17:37:04,162 INFO    SystemMonitor:74337 [interfaces.py:start():190] Started memory monitoring
2024-03-23 17:37:04,162 INFO    SystemMonitor:74337 [interfaces.py:start():190] Started network monitoring
2024-03-23 17:37:04,182 DEBUG   HandlerThread:74337 [system_info.py:probe():150] Probing system
2024-03-23 17:37:04,185 DEBUG   HandlerThread:74337 [system_info.py:_probe_git():135] Probing git
2024-03-23 17:37:04,190 DEBUG   HandlerThread:74337 [system_info.py:_probe_git():143] Probing git done
2024-03-23 17:37:04,190 DEBUG   HandlerThread:74337 [system_info.py:probe():198] Probing system done
2024-03-23 17:37:04,190 DEBUG   HandlerThread:74337 [system_monitor.py:probe():223] {'os': 'Linux-5.15.0-101-generic-x86_64-with-glibc2.17', 'python': '3.8.18', 'heartbeatAt': '2024-03-23T08:37:04.182486', 'startedAt': '2024-03-23T08:36:30.730585', 'docker': None, 'cuda': None, 'args': ('--model', 'swinunet', '--version', 'v12', '--cuda', '0', '--ts_batch_size', '88', '--vs_batch_size', '8', '--epochs', '200', '--loss', 'bcewithlogits', '--optimizer', 'AdamW', '--learning_rate', '0.0002', '--scheduler', 'lambda', '--pretrain', 'no', '--pretrained_model', 'practice', '--error_signal', 'no', '--wandb', 'yes'), 'state': 'running', 'program': './run.py', 'codePathLocal': 'run.py', 'codePath': 'train/run.py', 'git': {'remote': 'https://github.com/dablro12/-Challenge-AI_SPARK.git', 'commit': 'a00fd9c5a1056fd95ee8a7a18baf75cad8c28e7b'}, 'email': 'dablro1232@gmail.com', 'root': '/home/eiden/eiden/satellite', 'host': 'eiden', 'username': 'eiden', 'executable': '/home/eiden/anaconda3/envs/eiden/bin/python', 'cpu_count': 8, 'cpu_count_logical': 16, 'cpu_freq': {'current': 3754.7546875, 'min': 800.0, 'max': 5150.0}, 'cpu_freq_per_core': [{'current': 3500.0, 'min': 800.0, 'max': 5100.0}, {'current': 3500.0, 'min': 800.0, 'max': 5100.0}, {'current': 3500.0, 'min': 800.0, 'max': 5100.0}, {'current': 3500.0, 'min': 800.0, 'max': 5100.0}, {'current': 4933.078, 'min': 800.0, 'max': 5300.0}, {'current': 4894.406, 'min': 800.0, 'max': 5300.0}, {'current': 4748.591, 'min': 800.0, 'max': 5100.0}, {'current': 4967.853, 'min': 800.0, 'max': 5100.0}, {'current': 3500.0, 'min': 800.0, 'max': 5100.0}, {'current': 3500.0, 'min': 800.0, 'max': 5100.0}, {'current': 3500.0, 'min': 800.0, 'max': 5100.0}, {'current': 3500.0, 'min': 800.0, 'max': 5100.0}, {'current': 3500.0, 'min': 800.0, 'max': 5300.0}, {'current': 3500.0, 'min': 800.0, 'max': 5300.0}, {'current': 3500.0, 'min': 800.0, 'max': 5100.0}, {'current': 3500.0, 'min': 800.0, 'max': 5100.0}], 'disk': {'/': {'total': 915.3232879638672, 'used': 530.7216796875}}, 'gpu': 'NVIDIA GeForce RTX 4090', 'gpu_count': 1, 'gpu_devices': [{'name': 'NVIDIA GeForce RTX 4090', 'memory_total': 25757220864}], 'memory': {'total': 31.169639587402344}}
2024-03-23 17:37:04,190 INFO    HandlerThread:74337 [system_monitor.py:probe():224] Finished collecting system info
2024-03-23 17:37:04,190 INFO    HandlerThread:74337 [system_monitor.py:probe():227] Publishing system info
2024-03-23 17:37:04,191 DEBUG   HandlerThread:74337 [system_info.py:_save_conda():207] Saving list of conda packages installed into the current environment
2024-03-23 17:37:04,770 INFO    Thread-12 :74337 [dir_watcher.py:_on_file_created():271] file/dir created: /home/eiden/eiden/satellite/train/wandb/run-20240323_173630-8rig1wb6/files/conda-environment.yaml
2024-03-23 17:37:06,048 DEBUG   HandlerThread:74337 [system_info.py:_save_conda():219] Saving conda packages done
2024-03-23 17:37:06,049 INFO    HandlerThread:74337 [system_monitor.py:probe():229] Finished publishing system info
2024-03-23 17:37:06,058 DEBUG   SenderThread:74337 [sender.py:send():378] send: files
2024-03-23 17:37:06,058 INFO    SenderThread:74337 [sender.py:_save_file():1365] saving file wandb-metadata.json with policy now
2024-03-23 17:37:06,118 DEBUG   HandlerThread:74337 [handler.py:handle_request():146] handle_request: python_packages
2024-03-23 17:37:06,119 DEBUG   SenderThread:74337 [sender.py:send_request():405] send_request: python_packages
2024-03-23 17:37:06,119 DEBUG   SenderThread:74337 [sender.py:send():378] send: telemetry
2024-03-23 17:37:06,160 DEBUG   HandlerThread:74337 [handler.py:handle_request():146] handle_request: stop_status
2024-03-23 17:37:06,161 DEBUG   HandlerThread:74337 [handler.py:handle_request():146] handle_request: internal_messages
2024-03-23 17:37:06,162 DEBUG   SenderThread:74337 [sender.py:send_request():405] send_request: stop_status
2024-03-23 17:37:06,432 DEBUG   SenderThread:74337 [sender.py:send():378] send: telemetry
2024-03-23 17:37:06,432 DEBUG   SenderThread:74337 [sender.py:send():378] send: run
2024-03-23 17:37:06,620 INFO    SenderThread:74337 [sender.py:send_run():973] updated run: 8rig1wb6
2024-03-23 17:37:06,620 DEBUG   SenderThread:74337 [sender.py:send():378] send: exit
2024-03-23 17:37:06,620 INFO    SenderThread:74337 [sender.py:send_exit():585] handling exit code: 1
2024-03-23 17:37:06,620 INFO    SenderThread:74337 [sender.py:send_exit():587] handling runtime: 2
2024-03-23 17:37:06,621 INFO    SenderThread:74337 [sender.py:_save_file():1365] saving file wandb-summary.json with policy end
2024-03-23 17:37:06,621 INFO    SenderThread:74337 [sender.py:send_exit():593] send defer
2024-03-23 17:37:06,621 DEBUG   HandlerThread:74337 [handler.py:handle_request():146] handle_request: defer
2024-03-23 17:37:06,621 INFO    HandlerThread:74337 [handler.py:handle_request_defer():172] handle defer: 0
2024-03-23 17:37:06,621 DEBUG   SenderThread:74337 [sender.py:send_request():405] send_request: defer
2024-03-23 17:37:06,621 INFO    SenderThread:74337 [sender.py:send_request_defer():609] handle sender defer: 0
2024-03-23 17:37:06,621 INFO    SenderThread:74337 [sender.py:transition_state():613] send defer: 1
2024-03-23 17:37:06,621 DEBUG   HandlerThread:74337 [handler.py:handle_request():146] handle_request: defer
2024-03-23 17:37:06,621 INFO    HandlerThread:74337 [handler.py:handle_request_defer():172] handle defer: 1
2024-03-23 17:37:06,622 DEBUG   SenderThread:74337 [sender.py:send_request():405] send_request: defer
2024-03-23 17:37:06,622 INFO    SenderThread:74337 [sender.py:send_request_defer():609] handle sender defer: 1
2024-03-23 17:37:06,622 INFO    SenderThread:74337 [sender.py:transition_state():613] send defer: 2
2024-03-23 17:37:06,622 DEBUG   HandlerThread:74337 [handler.py:handle_request():146] handle_request: defer
2024-03-23 17:37:06,622 INFO    HandlerThread:74337 [handler.py:handle_request_defer():172] handle defer: 2
2024-03-23 17:37:06,622 INFO    HandlerThread:74337 [system_monitor.py:finish():203] Stopping system monitor
2024-03-23 17:37:06,622 DEBUG   SystemMonitor:74337 [system_monitor.py:_start():172] Starting system metrics aggregation loop
2024-03-23 17:37:06,622 DEBUG   SystemMonitor:74337 [system_monitor.py:_start():179] Finished system metrics aggregation loop
2024-03-23 17:37:06,622 DEBUG   SystemMonitor:74337 [system_monitor.py:_start():183] Publishing last batch of metrics
2024-03-23 17:37:06,622 INFO    HandlerThread:74337 [interfaces.py:finish():202] Joined cpu monitor
2024-03-23 17:37:06,623 INFO    HandlerThread:74337 [interfaces.py:finish():202] Joined disk monitor
2024-03-23 17:37:06,643 INFO    HandlerThread:74337 [interfaces.py:finish():202] Joined gpu monitor
2024-03-23 17:37:06,643 INFO    HandlerThread:74337 [interfaces.py:finish():202] Joined memory monitor
2024-03-23 17:37:06,643 INFO    HandlerThread:74337 [interfaces.py:finish():202] Joined network monitor
2024-03-23 17:37:06,643 DEBUG   SenderThread:74337 [sender.py:send_request():405] send_request: defer
2024-03-23 17:37:06,643 INFO    SenderThread:74337 [sender.py:send_request_defer():609] handle sender defer: 2
2024-03-23 17:37:06,644 INFO    SenderThread:74337 [sender.py:transition_state():613] send defer: 3
2024-03-23 17:37:06,644 DEBUG   SenderThread:74337 [sender.py:send():378] send: stats
2024-03-23 17:37:06,644 DEBUG   HandlerThread:74337 [handler.py:handle_request():146] handle_request: defer
2024-03-23 17:37:06,644 INFO    HandlerThread:74337 [handler.py:handle_request_defer():172] handle defer: 3
2024-03-23 17:37:06,644 DEBUG   SenderThread:74337 [sender.py:send_request():405] send_request: defer
2024-03-23 17:37:06,644 INFO    SenderThread:74337 [sender.py:send_request_defer():609] handle sender defer: 3
2024-03-23 17:37:06,644 INFO    SenderThread:74337 [sender.py:transition_state():613] send defer: 4
2024-03-23 17:37:06,644 DEBUG   HandlerThread:74337 [handler.py:handle_request():146] handle_request: defer
2024-03-23 17:37:06,644 INFO    HandlerThread:74337 [handler.py:handle_request_defer():172] handle defer: 4
2024-03-23 17:37:06,644 DEBUG   SenderThread:74337 [sender.py:send_request():405] send_request: defer
2024-03-23 17:37:06,644 INFO    SenderThread:74337 [sender.py:send_request_defer():609] handle sender defer: 4
2024-03-23 17:37:06,644 INFO    SenderThread:74337 [sender.py:transition_state():613] send defer: 5
2024-03-23 17:37:06,644 DEBUG   HandlerThread:74337 [handler.py:handle_request():146] handle_request: defer
2024-03-23 17:37:06,644 INFO    HandlerThread:74337 [handler.py:handle_request_defer():172] handle defer: 5
2024-03-23 17:37:06,644 DEBUG   SenderThread:74337 [sender.py:send():378] send: summary
2024-03-23 17:37:06,645 INFO    SenderThread:74337 [sender.py:_save_file():1365] saving file wandb-summary.json with policy end
2024-03-23 17:37:06,645 DEBUG   SenderThread:74337 [sender.py:send_request():405] send_request: defer
2024-03-23 17:37:06,645 INFO    SenderThread:74337 [sender.py:send_request_defer():609] handle sender defer: 5
2024-03-23 17:37:06,645 INFO    SenderThread:74337 [sender.py:transition_state():613] send defer: 6
2024-03-23 17:37:06,645 DEBUG   HandlerThread:74337 [handler.py:handle_request():146] handle_request: defer
2024-03-23 17:37:06,645 INFO    HandlerThread:74337 [handler.py:handle_request_defer():172] handle defer: 6
2024-03-23 17:37:06,645 DEBUG   SenderThread:74337 [sender.py:send_request():405] send_request: defer
2024-03-23 17:37:06,645 INFO    SenderThread:74337 [sender.py:send_request_defer():609] handle sender defer: 6
2024-03-23 17:37:06,647 DEBUG   HandlerThread:74337 [handler.py:handle_request():146] handle_request: status_report
2024-03-23 17:37:06,770 INFO    Thread-12 :74337 [dir_watcher.py:_on_file_modified():288] file/dir modified: /home/eiden/eiden/satellite/train/wandb/run-20240323_173630-8rig1wb6/files/config.yaml
2024-03-23 17:37:06,770 INFO    Thread-12 :74337 [dir_watcher.py:_on_file_modified():288] file/dir modified: /home/eiden/eiden/satellite/train/wandb/run-20240323_173630-8rig1wb6/files/conda-environment.yaml
2024-03-23 17:37:06,770 INFO    Thread-12 :74337 [dir_watcher.py:_on_file_created():271] file/dir created: /home/eiden/eiden/satellite/train/wandb/run-20240323_173630-8rig1wb6/files/wandb-metadata.json
2024-03-23 17:37:06,770 INFO    Thread-12 :74337 [dir_watcher.py:_on_file_created():271] file/dir created: /home/eiden/eiden/satellite/train/wandb/run-20240323_173630-8rig1wb6/files/requirements.txt
2024-03-23 17:37:06,770 INFO    Thread-12 :74337 [dir_watcher.py:_on_file_created():271] file/dir created: /home/eiden/eiden/satellite/train/wandb/run-20240323_173630-8rig1wb6/files/output.log
2024-03-23 17:37:06,770 INFO    Thread-12 :74337 [dir_watcher.py:_on_file_created():271] file/dir created: /home/eiden/eiden/satellite/train/wandb/run-20240323_173630-8rig1wb6/files/wandb-summary.json
2024-03-23 17:37:06,859 INFO    wandb-upload_0:74337 [upload_job.py:push():131] Uploaded file /tmp/tmpwalxsny6wandb/bl3x6dip-wandb-metadata.json
2024-03-23 17:37:06,859 INFO    SenderThread:74337 [sender.py:transition_state():613] send defer: 7
2024-03-23 17:37:06,859 DEBUG   HandlerThread:74337 [handler.py:handle_request():146] handle_request: defer
2024-03-23 17:37:06,859 INFO    HandlerThread:74337 [handler.py:handle_request_defer():172] handle defer: 7
2024-03-23 17:37:06,860 DEBUG   SenderThread:74337 [sender.py:send_request():405] send_request: defer
2024-03-23 17:37:06,860 INFO    SenderThread:74337 [sender.py:send_request_defer():609] handle sender defer: 7
2024-03-23 17:37:07,161 DEBUG   HandlerThread:74337 [handler.py:handle_request():146] handle_request: poll_exit
2024-03-23 17:37:07,770 INFO    Thread-12 :74337 [dir_watcher.py:_on_file_modified():288] file/dir modified: /home/eiden/eiden/satellite/train/wandb/run-20240323_173630-8rig1wb6/files/config.yaml
2024-03-23 17:37:08,166 INFO    SenderThread:74337 [sender.py:transition_state():613] send defer: 8
2024-03-23 17:37:08,166 DEBUG   SenderThread:74337 [sender.py:send_request():405] send_request: poll_exit
2024-03-23 17:37:08,167 DEBUG   HandlerThread:74337 [handler.py:handle_request():146] handle_request: defer
2024-03-23 17:37:08,167 INFO    HandlerThread:74337 [handler.py:handle_request_defer():172] handle defer: 8
2024-03-23 17:37:08,167 DEBUG   SenderThread:74337 [sender.py:send_request():405] send_request: defer
2024-03-23 17:37:08,167 INFO    SenderThread:74337 [sender.py:send_request_defer():609] handle sender defer: 8
2024-03-23 17:37:08,167 INFO    SenderThread:74337 [job_builder.py:build():298] Attempting to build job artifact
2024-03-23 17:37:08,168 INFO    SenderThread:74337 [job_builder.py:_get_source_type():428] is repo sourced job
2024-03-23 17:37:08,190 INFO    SenderThread:74337 [job_builder.py:build():404] adding wandb-job metadata file
2024-03-23 17:37:08,207 INFO    SenderThread:74337 [sender.py:transition_state():613] send defer: 9
2024-03-23 17:37:08,208 DEBUG   HandlerThread:74337 [handler.py:handle_request():146] handle_request: defer
2024-03-23 17:37:08,208 INFO    HandlerThread:74337 [handler.py:handle_request_defer():172] handle defer: 9
2024-03-23 17:37:08,209 DEBUG   SenderThread:74337 [sender.py:send():378] send: artifact
2024-03-23 17:37:08,771 INFO    Thread-12 :74337 [dir_watcher.py:_on_file_modified():288] file/dir modified: /home/eiden/eiden/satellite/train/wandb/run-20240323_173630-8rig1wb6/files/output.log
2024-03-23 17:37:09,161 DEBUG   HandlerThread:74337 [handler.py:handle_request():146] handle_request: poll_exit
2024-03-23 17:37:10,210 INFO    wandb-upload_0:74337 [upload_job.py:push():89] Uploaded file /home/eiden/.local/share/wandb/artifacts/staging/tmpsdmeckef
2024-03-23 17:37:10,276 INFO    wandb-upload_1:74337 [upload_job.py:push():89] Uploaded file /home/eiden/.local/share/wandb/artifacts/staging/tmprlk8hn2s
2024-03-23 17:37:11,749 INFO    SenderThread:74337 [sender.py:send_artifact():1443] sent artifact job-https___github.com_dablro12_-Challenge-AI_SPARK.git_train_run.py - {'id': 'QXJ0aWZhY3Q6NzY3NzUzNDAw', 'state': 'PENDING', 'artifactSequence': {'id': 'QXJ0aWZhY3RDb2xsZWN0aW9uOjE0ODY5NjM0Nw==', 'latestArtifact': {'id': 'QXJ0aWZhY3Q6NzY2MTg3MjU4', 'versionIndex': 10}}}
2024-03-23 17:37:11,750 DEBUG   SenderThread:74337 [sender.py:send_request():405] send_request: defer
2024-03-23 17:37:11,750 INFO    SenderThread:74337 [sender.py:send_request_defer():609] handle sender defer: 9
2024-03-23 17:37:11,750 INFO    SenderThread:74337 [dir_watcher.py:finish():358] shutting down directory watcher
2024-03-23 17:37:11,750 DEBUG   HandlerThread:74337 [handler.py:handle_request():146] handle_request: status_report
2024-03-23 17:37:11,773 INFO    SenderThread:74337 [dir_watcher.py:finish():388] scan: /home/eiden/eiden/satellite/train/wandb/run-20240323_173630-8rig1wb6/files
2024-03-23 17:37:11,773 INFO    SenderThread:74337 [dir_watcher.py:finish():402] scan save: /home/eiden/eiden/satellite/train/wandb/run-20240323_173630-8rig1wb6/files/config.yaml config.yaml
2024-03-23 17:37:11,774 INFO    SenderThread:74337 [dir_watcher.py:finish():402] scan save: /home/eiden/eiden/satellite/train/wandb/run-20240323_173630-8rig1wb6/files/wandb-metadata.json wandb-metadata.json
2024-03-23 17:37:11,774 INFO    SenderThread:74337 [dir_watcher.py:finish():402] scan save: /home/eiden/eiden/satellite/train/wandb/run-20240323_173630-8rig1wb6/files/output.log output.log
2024-03-23 17:37:11,774 INFO    SenderThread:74337 [dir_watcher.py:finish():402] scan save: /home/eiden/eiden/satellite/train/wandb/run-20240323_173630-8rig1wb6/files/conda-environment.yaml conda-environment.yaml
2024-03-23 17:37:11,780 INFO    SenderThread:74337 [dir_watcher.py:finish():402] scan save: /home/eiden/eiden/satellite/train/wandb/run-20240323_173630-8rig1wb6/files/requirements.txt requirements.txt
2024-03-23 17:37:11,781 INFO    SenderThread:74337 [dir_watcher.py:finish():402] scan save: /home/eiden/eiden/satellite/train/wandb/run-20240323_173630-8rig1wb6/files/wandb-summary.json wandb-summary.json
2024-03-23 17:37:11,782 INFO    SenderThread:74337 [sender.py:transition_state():613] send defer: 10
2024-03-23 17:37:11,782 DEBUG   SenderThread:74337 [sender.py:send_request():405] send_request: poll_exit
2024-03-23 17:37:11,789 DEBUG   HandlerThread:74337 [handler.py:handle_request():146] handle_request: defer
2024-03-23 17:37:11,790 INFO    HandlerThread:74337 [handler.py:handle_request_defer():172] handle defer: 10
2024-03-23 17:37:11,792 DEBUG   SenderThread:74337 [sender.py:send_request():405] send_request: defer
2024-03-23 17:37:11,802 INFO    SenderThread:74337 [sender.py:send_request_defer():609] handle sender defer: 10
2024-03-23 17:37:11,810 INFO    SenderThread:74337 [file_pusher.py:finish():172] shutting down file pusher
2024-03-23 17:37:12,162 DEBUG   HandlerThread:74337 [handler.py:handle_request():146] handle_request: poll_exit
2024-03-23 17:37:12,162 DEBUG   SenderThread:74337 [sender.py:send_request():405] send_request: poll_exit
2024-03-23 17:37:12,266 INFO    wandb-upload_0:74337 [upload_job.py:push():131] Uploaded file /home/eiden/eiden/satellite/train/wandb/run-20240323_173630-8rig1wb6/files/config.yaml
2024-03-23 17:37:12,268 INFO    wandb-upload_1:74337 [upload_job.py:push():131] Uploaded file /home/eiden/eiden/satellite/train/wandb/run-20240323_173630-8rig1wb6/files/output.log
2024-03-23 17:37:12,566 INFO    wandb-upload_3:74337 [upload_job.py:push():131] Uploaded file /home/eiden/eiden/satellite/train/wandb/run-20240323_173630-8rig1wb6/files/requirements.txt
2024-03-23 17:37:12,568 INFO    wandb-upload_2:74337 [upload_job.py:push():131] Uploaded file /home/eiden/eiden/satellite/train/wandb/run-20240323_173630-8rig1wb6/files/conda-environment.yaml
2024-03-23 17:37:12,570 INFO    wandb-upload_4:74337 [upload_job.py:push():131] Uploaded file /home/eiden/eiden/satellite/train/wandb/run-20240323_173630-8rig1wb6/files/wandb-summary.json
2024-03-23 17:37:12,771 INFO    Thread-11 :74337 [sender.py:transition_state():613] send defer: 11
2024-03-23 17:37:12,771 DEBUG   HandlerThread:74337 [handler.py:handle_request():146] handle_request: defer
2024-03-23 17:37:12,771 INFO    HandlerThread:74337 [handler.py:handle_request_defer():172] handle defer: 11
2024-03-23 17:37:12,772 DEBUG   SenderThread:74337 [sender.py:send_request():405] send_request: defer
2024-03-23 17:37:12,772 INFO    SenderThread:74337 [sender.py:send_request_defer():609] handle sender defer: 11
2024-03-23 17:37:12,772 INFO    SenderThread:74337 [file_pusher.py:join():178] waiting for file pusher
2024-03-23 17:37:12,773 INFO    SenderThread:74337 [sender.py:transition_state():613] send defer: 12
2024-03-23 17:37:12,773 DEBUG   HandlerThread:74337 [handler.py:handle_request():146] handle_request: defer
2024-03-23 17:37:12,773 INFO    HandlerThread:74337 [handler.py:handle_request_defer():172] handle defer: 12
2024-03-23 17:37:12,774 DEBUG   SenderThread:74337 [sender.py:send_request():405] send_request: defer
2024-03-23 17:37:12,774 INFO    SenderThread:74337 [sender.py:send_request_defer():609] handle sender defer: 12
2024-03-23 17:37:12,774 INFO    SenderThread:74337 [file_stream.py:finish():595] file stream finish called
2024-03-23 17:37:13,076 INFO    SenderThread:74337 [file_stream.py:finish():599] file stream finish is done
2024-03-23 17:37:13,076 INFO    SenderThread:74337 [sender.py:transition_state():613] send defer: 13
2024-03-23 17:37:13,076 DEBUG   HandlerThread:74337 [handler.py:handle_request():146] handle_request: defer
2024-03-23 17:37:13,076 INFO    HandlerThread:74337 [handler.py:handle_request_defer():172] handle defer: 13
2024-03-23 17:37:13,077 DEBUG   SenderThread:74337 [sender.py:send_request():405] send_request: defer
2024-03-23 17:37:13,077 INFO    SenderThread:74337 [sender.py:send_request_defer():609] handle sender defer: 13
2024-03-23 17:37:13,077 INFO    SenderThread:74337 [sender.py:transition_state():613] send defer: 14
2024-03-23 17:37:13,077 DEBUG   HandlerThread:74337 [handler.py:handle_request():146] handle_request: defer
2024-03-23 17:37:13,077 DEBUG   SenderThread:74337 [sender.py:send():378] send: final
2024-03-23 17:37:13,077 INFO    HandlerThread:74337 [handler.py:handle_request_defer():172] handle defer: 14
2024-03-23 17:37:13,077 DEBUG   SenderThread:74337 [sender.py:send():378] send: footer
2024-03-23 17:37:13,077 DEBUG   SenderThread:74337 [sender.py:send_request():405] send_request: defer
2024-03-23 17:37:13,077 INFO    SenderThread:74337 [sender.py:send_request_defer():609] handle sender defer: 14
2024-03-23 17:37:13,077 DEBUG   HandlerThread:74337 [handler.py:handle_request():146] handle_request: poll_exit
2024-03-23 17:37:13,077 DEBUG   SenderThread:74337 [sender.py:send_request():405] send_request: poll_exit
2024-03-23 17:37:13,078 DEBUG   HandlerThread:74337 [handler.py:handle_request():146] handle_request: poll_exit
2024-03-23 17:37:13,078 DEBUG   SenderThread:74337 [sender.py:send_request():405] send_request: poll_exit
2024-03-23 17:37:13,078 DEBUG   HandlerThread:74337 [handler.py:handle_request():146] handle_request: server_info
2024-03-23 17:37:13,078 DEBUG   HandlerThread:74337 [handler.py:handle_request():146] handle_request: get_summary
2024-03-23 17:37:13,078 DEBUG   SenderThread:74337 [sender.py:send_request():405] send_request: server_info
2024-03-23 17:37:13,078 DEBUG   HandlerThread:74337 [handler.py:handle_request():146] handle_request: sampled_history
2024-03-23 17:37:13,080 DEBUG   HandlerThread:74337 [handler.py:handle_request():146] handle_request: internal_messages
2024-03-23 17:37:13,080 DEBUG   HandlerThread:74337 [handler.py:handle_request():146] handle_request: job_info
2024-03-23 17:37:13,282 DEBUG   SenderThread:74337 [sender.py:send_request():405] send_request: job_info
2024-03-23 17:37:13,282 INFO    MainThread:74337 [wandb_run.py:_footer_history_summary_info():3851] rendering history
2024-03-23 17:37:13,282 INFO    MainThread:74337 [wandb_run.py:_footer_history_summary_info():3883] rendering summary
2024-03-23 17:37:13,283 INFO    MainThread:74337 [wandb_run.py:_footer_sync_info():3810] logging synced files
2024-03-23 17:37:13,283 DEBUG   HandlerThread:74337 [handler.py:handle_request():146] handle_request: shutdown
2024-03-23 17:37:13,283 INFO    HandlerThread:74337 [handler.py:finish():869] shutting down handler
2024-03-23 17:37:14,080 INFO    WriterThread:74337 [datastore.py:close():296] close: /home/eiden/eiden/satellite/train/wandb/run-20240323_173630-8rig1wb6/run-8rig1wb6.wandb
2024-03-23 17:37:14,282 INFO    SenderThread:74337 [sender.py:finish():1521] shutting down sender
2024-03-23 17:37:14,283 INFO    SenderThread:74337 [file_pusher.py:finish():172] shutting down file pusher
2024-03-23 17:37:14,283 INFO    SenderThread:74337 [file_pusher.py:join():178] waiting for file pusher
